mode: set
github.com/DinoInc/DomainInflator/Thrift/Language.go:17.39,19.24 1 1
github.com/DinoInc/DomainInflator/Thrift/Language.go:26.2,27.25 2 1
github.com/DinoInc/DomainInflator/Thrift/Language.go:19.24,21.45 2 1
github.com/DinoInc/DomainInflator/Thrift/Language.go:21.45,23.4 1 1
github.com/DinoInc/DomainInflator/Thrift/Structure.go:30.42,31.56 1 1
github.com/DinoInc/DomainInflator/Thrift/Structure.go:52.2,52.12 1 1
github.com/DinoInc/DomainInflator/Thrift/Structure.go:31.56,40.17 6 1
github.com/DinoInc/DomainInflator/Thrift/Structure.go:44.3,48.96 4 1
github.com/DinoInc/DomainInflator/Thrift/Structure.go:40.17,41.14 1 0
github.com/DinoInc/DomainInflator/Thrift/Structure.go:55.57,58.32 2 1
github.com/DinoInc/DomainInflator/Thrift/Structure.go:66.2,66.19 1 1
github.com/DinoInc/DomainInflator/Thrift/Structure.go:58.32,64.3 4 1
github.com/DinoInc/DomainInflator/Thrift/Enum.go:16.47,20.30 2 1
github.com/DinoInc/DomainInflator/Thrift/Enum.go:28.2,28.19 1 1
github.com/DinoInc/DomainInflator/Thrift/Enum.go:20.30,26.3 4 1
github.com/DinoInc/DomainInflator/Thrift/Enum.go:32.26,33.44 1 1
github.com/DinoInc/DomainInflator/Thrift/Enum.go:33.44,35.3 1 1
github.com/DinoInc/DomainInflator/Thrift/IDL.go:26.30,28.2 1 1
github.com/DinoInc/DomainInflator/Thrift/IDL.go:30.35,32.2 1 1
github.com/DinoInc/DomainInflator/Thrift/IDL.go:34.25,41.22 6 1
github.com/DinoInc/DomainInflator/Thrift/IDL.go:41.22,44.24 2 1
github.com/DinoInc/DomainInflator/Thrift/IDL.go:48.3,50.22 2 1
github.com/DinoInc/DomainInflator/Thrift/IDL.go:44.24,46.4 1 1
github.com/DinoInc/DomainInflator/Thrift/IDL.go:50.22,55.61 3 1
github.com/DinoInc/DomainInflator/Thrift/IDL.go:55.61,57.5 1 1
github.com/DinoInc/DomainInflator/Thrift/IDL.go:57.5,57.88 1 1
github.com/DinoInc/DomainInflator/Thrift/IDL.go:57.88,59.5 1 1
github.com/DinoInc/DomainInflator/Thrift/IDL.go:64.40,65.74 1 1
github.com/DinoInc/DomainInflator/Thrift/IDL.go:65.74,67.3 1 1
github.com/DinoInc/DomainInflator/Thrift/IDL.go:67.3,67.86 1 1
github.com/DinoInc/DomainInflator/Thrift/IDL.go:67.86,69.3 1 1
github.com/DinoInc/DomainInflator/Thrift/IDL.go:69.3,69.30 1 1
github.com/DinoInc/DomainInflator/Thrift/IDL.go:69.30,71.3 1 1
github.com/DinoInc/DomainInflator/Thrift/IDL.go:71.3,71.28 1 1
github.com/DinoInc/DomainInflator/Thrift/IDL.go:71.28,73.3 1 1
github.com/DinoInc/DomainInflator/Thrift/IDL.go:76.35,78.2 1 1
