mode: set
github.com/DinoInc/DomainInflator/Schema/Structure.go:15.56,17.65 2 1
github.com/DinoInc/DomainInflator/Schema/Structure.go:36.2,36.10 1 1
github.com/DinoInc/DomainInflator/Schema/Structure.go:17.65,20.53 2 1
github.com/DinoInc/DomainInflator/Schema/Structure.go:32.3,32.40 1 1
github.com/DinoInc/DomainInflator/Schema/Structure.go:20.53,22.4 1 1
github.com/DinoInc/DomainInflator/Schema/Structure.go:22.4,22.64 1 1
github.com/DinoInc/DomainInflator/Schema/Structure.go:22.64,24.4 1 1
github.com/DinoInc/DomainInflator/Schema/Structure.go:24.4,24.80 1 1
github.com/DinoInc/DomainInflator/Schema/Structure.go:24.80,26.4 1 1
github.com/DinoInc/DomainInflator/Schema/Structure.go:26.4,26.56 1 1
github.com/DinoInc/DomainInflator/Schema/Structure.go:26.56,28.4 1 1
github.com/DinoInc/DomainInflator/Schema/Structure.go:28.4,29.28 1 1
github.com/DinoInc/DomainInflator/Schema/Structure.go:39.62,42.46 2 1
github.com/DinoInc/DomainInflator/Schema/Structure.go:46.2,46.35 1 1
github.com/DinoInc/DomainInflator/Schema/Structure.go:50.2,50.19 1 1
github.com/DinoInc/DomainInflator/Schema/Structure.go:42.46,44.3 1 1
github.com/DinoInc/DomainInflator/Schema/Structure.go:46.35,48.3 1 1
github.com/DinoInc/DomainInflator/Schema/Array.go:16.43,18.2 1 1
github.com/DinoInc/DomainInflator/Schema/Array.go:20.38,22.2 1 1
github.com/DinoInc/DomainInflator/Schema/Array.go:24.48,28.53 2 1
github.com/DinoInc/DomainInflator/Schema/Array.go:36.2,38.10 2 1
github.com/DinoInc/DomainInflator/Schema/Array.go:28.53,30.3 1 1
github.com/DinoInc/DomainInflator/Schema/Array.go:30.3,30.84 1 1
github.com/DinoInc/DomainInflator/Schema/Array.go:30.84,32.3 1 1
github.com/DinoInc/DomainInflator/Schema/Array.go:32.3,33.27 1 1
github.com/DinoInc/DomainInflator/Schema/Array.go:41.54,45.46 2 1
github.com/DinoInc/DomainInflator/Schema/Array.go:49.2,49.27 1 1
github.com/DinoInc/DomainInflator/Schema/Array.go:53.2,53.19 1 1
github.com/DinoInc/DomainInflator/Schema/Array.go:45.46,47.3 1 1
github.com/DinoInc/DomainInflator/Schema/Array.go:49.27,51.3 1 1
github.com/DinoInc/DomainInflator/Schema/Engine.go:6.33,8.36 1 1
github.com/DinoInc/DomainInflator/Schema/Engine.go:12.2,12.21 1 1
github.com/DinoInc/DomainInflator/Schema/Engine.go:8.36,10.3 1 0
github.com/DinoInc/DomainInflator/Schema/Enum.go:9.46,12.2 1 1
github.com/DinoInc/DomainInflator/Schema/Enum.go:14.35,16.2 1 1
github.com/DinoInc/DomainInflator/Schema/Enum.go:18.37,20.2 1 1
github.com/DinoInc/DomainInflator/Schema/Enum.go:28.52,31.46 2 1
github.com/DinoInc/DomainInflator/Schema/Enum.go:35.2,35.54 1 1
github.com/DinoInc/DomainInflator/Schema/Enum.go:39.2,39.19 1 1
github.com/DinoInc/DomainInflator/Schema/Enum.go:31.46,33.3 1 1
github.com/DinoInc/DomainInflator/Schema/Enum.go:35.54,37.3 1 1
github.com/DinoInc/DomainInflator/Schema/Primitive.go:20.42,22.2 1 1
github.com/DinoInc/DomainInflator/Schema/Primitive.go:24.42,26.2 1 1
github.com/DinoInc/DomainInflator/Schema/Primitive.go:28.56,31.2 1 1
github.com/DinoInc/DomainInflator/Schema/Primitive.go:38.62,41.46 2 1
github.com/DinoInc/DomainInflator/Schema/Primitive.go:45.2,45.84 1 1
github.com/DinoInc/DomainInflator/Schema/Primitive.go:49.2,49.19 1 1
github.com/DinoInc/DomainInflator/Schema/Primitive.go:41.46,43.3 1 1
github.com/DinoInc/DomainInflator/Schema/Primitive.go:45.84,47.3 1 1
github.com/DinoInc/DomainInflator/Schema/Ref.go:17.29,19.2 1 1
github.com/DinoInc/DomainInflator/Schema/Ref.go:21.45,24.2 2 1
github.com/DinoInc/DomainInflator/Schema/Ref.go:26.29,29.35 2 1
github.com/DinoInc/DomainInflator/Schema/Ref.go:29.35,31.3 1 1
github.com/DinoInc/DomainInflator/Schema/Ref.go:31.3,33.3 1 1
github.com/DinoInc/DomainInflator/Schema/Ref.go:36.29,38.2 1 1
github.com/DinoInc/DomainInflator/Schema/Ref.go:40.51,41.24 1 1
github.com/DinoInc/DomainInflator/Schema/Ref.go:45.2,45.17 1 1
github.com/DinoInc/DomainInflator/Schema/Ref.go:63.2,65.20 2 1
github.com/DinoInc/DomainInflator/Schema/Ref.go:41.24,43.3 1 1
github.com/DinoInc/DomainInflator/Schema/Ref.go:45.17,49.17 3 1
github.com/DinoInc/DomainInflator/Schema/Ref.go:53.3,56.16 3 1
github.com/DinoInc/DomainInflator/Schema/Ref.go:60.3,60.19 1 1
github.com/DinoInc/DomainInflator/Schema/Ref.go:49.17,50.14 1 0
github.com/DinoInc/DomainInflator/Schema/Ref.go:56.16,57.47 1 0
github.com/DinoInc/DomainInflator/Schema/Ref.go:68.50,71.46 2 1
github.com/DinoInc/DomainInflator/Schema/Ref.go:75.2,75.25 1 1
github.com/DinoInc/DomainInflator/Schema/Ref.go:79.2,79.19 1 1
github.com/DinoInc/DomainInflator/Schema/Ref.go:71.46,73.3 1 1
github.com/DinoInc/DomainInflator/Schema/Ref.go:75.25,77.3 1 1
github.com/DinoInc/DomainInflator/Schema/Schema.go:18.59,20.60 1 1
github.com/DinoInc/DomainInflator/Schema/Schema.go:24.2,24.59 1 1
github.com/DinoInc/DomainInflator/Schema/Schema.go:28.2,31.65 3 1
github.com/DinoInc/DomainInflator/Schema/Schema.go:49.2,51.20 2 1
github.com/DinoInc/DomainInflator/Schema/Schema.go:20.60,22.3 1 1
github.com/DinoInc/DomainInflator/Schema/Schema.go:24.59,25.27 1 1
github.com/DinoInc/DomainInflator/Schema/Schema.go:31.65,35.38 2 1
github.com/DinoInc/DomainInflator/Schema/Schema.go:43.3,43.65 1 1
github.com/DinoInc/DomainInflator/Schema/Schema.go:35.38,37.4 1 1
github.com/DinoInc/DomainInflator/Schema/Schema.go:37.4,37.69 1 1
github.com/DinoInc/DomainInflator/Schema/Schema.go:37.69,39.4 1 1
github.com/DinoInc/DomainInflator/Schema/Schema.go:39.4,40.28 1 0
github.com/DinoInc/DomainInflator/Schema/Schema.go:43.65,45.4 1 1
github.com/DinoInc/DomainInflator/Schema/Schema.go:55.56,58.46 2 1
github.com/DinoInc/DomainInflator/Schema/Schema.go:62.2,62.36 1 1
github.com/DinoInc/DomainInflator/Schema/Schema.go:66.2,66.19 1 1
github.com/DinoInc/DomainInflator/Schema/Schema.go:58.46,60.3 1 1
github.com/DinoInc/DomainInflator/Schema/Schema.go:62.36,64.3 1 1
